<?xml version="1.0" encoding="UTF-8"?>
<TestRun id="739e8536-a805-46e8-9ffd-311efb7f609a" name="horozov@HOROZOV 2013-06-25 14:14:36" runUser="TELERIK\horozov" xmlns="http://microsoft.com/schemas/VisualStudio/TeamTest/2010">
  <TestSettings name="Default Test Settings" id="455f28a9-38e6-4f2a-8e4b-5ed14ac56ce4">
    <Deployment runDeploymentRoot="horozov_HOROZOV 2013-06-25 14_14_36">
      <DeploymentItem filename="C:\Work\TestExamples\AcademyTestProject\Wrappers\bin\Debug\Wrappers.dll" />
    </Deployment>
    <Execution>
      <TestTypeSpecific />
      <AgentRule name="Execution Agents">
      </AgentRule>
    </Execution>
  </TestSettings>
  <Times creation="2013-06-25T14:14:36.5432833+03:00" queuing="2013-06-25T14:14:36.6342924+03:00" start="2013-06-25T14:14:36.6392929+03:00" finish="2013-06-25T14:14:54.0860374+03:00" />
  <ResultSummary outcome="Failed">
    <Counters total="1" executed="1" error="0" failed="1" timeout="0" aborted="0" inconclusive="0" passedButRunAborted="0" notRunnable="0" notExecuted="0" disconnected="0" warning="0" passed="0" completed="0" inProgress="0" pending="0" />
  </ResultSummary>
  <TestDefinitions>
    <UnitTest name="ChartViewZoomInAndPrintTest" storage="c:\work\testexamples\academytestproject\tests\bin\debug\tests.dll" id="76a8d05e-f8d0-0ae8-291f-a1e3bac4b132">
      <Description>Check ChartView scenario when applying zoom and printing</Description>
      <Execution id="2e7d7176-5313-4c1e-97a3-1f1565fcff79" />
      <TestMethod codeBase="C:\Work\TestExamples\AcademyTestProject\Tests\bin\Debug\Tests.dll" adapterTypeName="Microsoft.VisualStudio.TestTools.TestTypes.Unit.UnitTestAdapter, Microsoft.VisualStudio.QualityTools.Tips.UnitTest.Adapter, Version=10.0.0.0, Culture=neutral, PublicKeyToken=b03f5f7f11d50a3a" className="Tests.Tests, Tests" name="ChartViewZoomInAndPrintTest" />
    </UnitTest>
  </TestDefinitions>
  <TestLists>
    <TestList name="Results Not in a List" id="8c84fa94-04c1-424b-9868-57a2d4851a1d" />
    <TestList name="All Loaded Results" id="19431567-8539-422a-85d7-44ee4e166bda" />
  </TestLists>
  <TestEntries>
    <TestEntry testId="76a8d05e-f8d0-0ae8-291f-a1e3bac4b132" executionId="2e7d7176-5313-4c1e-97a3-1f1565fcff79" testListId="8c84fa94-04c1-424b-9868-57a2d4851a1d" />
  </TestEntries>
  <Results>
    <UnitTestResult executionId="2e7d7176-5313-4c1e-97a3-1f1565fcff79" testId="76a8d05e-f8d0-0ae8-291f-a1e3bac4b132" testName="ChartViewZoomInAndPrintTest" computerName="HOROZOV" duration="00:00:06.3059354" startTime="2013-06-25T14:14:36.6412931+03:00" endTime="2013-06-25T14:14:43.0949384+03:00" testType="13cdc9d9-ddb5-4fa4-a97d-d965ccfc6d4b" outcome="Failed" testListId="8c84fa94-04c1-424b-9868-57a2d4851a1d" relativeResultsDirectory="2e7d7176-5313-4c1e-97a3-1f1565fcff79">
      <Output>
        <ErrorInfo>
          <Message>Assert.AreEqual failed. Expected:&lt;5&gt;. Actual:&lt;7&gt;. </Message>
          <StackTrace>   at Tests.Tests.ChartViewZoomInAndPrintTest() in C:\Work\TestExamples\AcademyTestProject\Tests\Tests.cs:line 145
</StackTrace>
        </ErrorInfo>
      </Output>
    </UnitTestResult>
  </Results>
</TestRun>