<?xml version="1.0" encoding="UTF-8"?>
<TestRun id="44179923-2d51-455f-952c-7075f428016d" name="horozov@HOROZOV 2013-06-25 14:16:01" runUser="TELERIK\horozov" xmlns="http://microsoft.com/schemas/VisualStudio/TeamTest/2010">
  <TestSettings name="Default Test Settings" id="ab8f4f20-d4dd-4b19-bf9f-519dda14b98d">
    <Deployment runDeploymentRoot="horozov_HOROZOV 2013-06-25 14_16_01">
      <DeploymentItem filename="C:\Work\TestExamples\AcademyTestProject\Wrappers\bin\Debug\Wrappers.dll" />
    </Deployment>
    <Execution>
      <TestTypeSpecific />
      <AgentRule name="Execution Agents">
      </AgentRule>
    </Execution>
  </TestSettings>
  <Times creation="2013-06-25T14:16:01.5077789+03:00" queuing="2013-06-25T14:16:01.6197901+03:00" start="2013-06-25T14:16:01.6247906+03:00" finish="2013-06-25T14:16:19.1105390+03:00" />
  <ResultSummary outcome="Failed">
    <Counters total="1" executed="1" error="0" failed="1" timeout="0" aborted="0" inconclusive="0" passedButRunAborted="0" notRunnable="0" notExecuted="0" disconnected="0" warning="0" passed="0" completed="0" inProgress="0" pending="0" />
  </ResultSummary>
  <TestDefinitions>
    <UnitTest name="ChartViewZoomInAndPrintTest" storage="c:\work\testexamples\academytestproject\tests\bin\debug\tests.dll" id="76a8d05e-f8d0-0ae8-291f-a1e3bac4b132">
      <Description>Check ChartView scenario when applying zoom and printing</Description>
      <Execution id="217ee4b7-fe7a-44f5-ab30-b5defb90d037" />
      <TestMethod codeBase="C:\Work\TestExamples\AcademyTestProject\Tests\bin\Debug\Tests.dll" adapterTypeName="Microsoft.VisualStudio.TestTools.TestTypes.Unit.UnitTestAdapter, Microsoft.VisualStudio.QualityTools.Tips.UnitTest.Adapter, Version=10.0.0.0, Culture=neutral, PublicKeyToken=b03f5f7f11d50a3a" className="Tests.Tests, Tests" name="ChartViewZoomInAndPrintTest" />
    </UnitTest>
  </TestDefinitions>
  <TestLists>
    <TestList name="Results Not in a List" id="8c84fa94-04c1-424b-9868-57a2d4851a1d" />
    <TestList name="All Loaded Results" id="19431567-8539-422a-85d7-44ee4e166bda" />
  </TestLists>
  <TestEntries>
    <TestEntry testId="76a8d05e-f8d0-0ae8-291f-a1e3bac4b132" executionId="217ee4b7-fe7a-44f5-ab30-b5defb90d037" testListId="8c84fa94-04c1-424b-9868-57a2d4851a1d" />
  </TestEntries>
  <Results>
    <UnitTestResult executionId="217ee4b7-fe7a-44f5-ab30-b5defb90d037" testId="76a8d05e-f8d0-0ae8-291f-a1e3bac4b132" testName="ChartViewZoomInAndPrintTest" computerName="HOROZOV" duration="00:00:06.3443215" startTime="2013-06-25T14:16:01.6257907+03:00" endTime="2013-06-25T14:16:08.1154396+03:00" testType="13cdc9d9-ddb5-4fa4-a97d-d965ccfc6d4b" outcome="Failed" testListId="8c84fa94-04c1-424b-9868-57a2d4851a1d" relativeResultsDirectory="217ee4b7-fe7a-44f5-ab30-b5defb90d037">
      <Output>
        <ErrorInfo>
          <Message>Assert.AreEqual failed. Expected:&lt;5&gt;. Actual:&lt;7&gt;. </Message>
          <StackTrace>   at Tests.Tests.ChartViewZoomInAndPrintTest() in C:\Work\TestExamples\AcademyTestProject\Tests\Tests.cs:line 145
</StackTrace>
        </ErrorInfo>
      </Output>
    </UnitTestResult>
  </Results>
</TestRun>