<?xml version="1.0" encoding="UTF-8"?>
<TestRun id="d6820560-2388-42c9-ab34-11e7301ffe7c" name="horozov@HOROZOV 2013-06-26 18:29:21" runUser="TELERIK\horozov" xmlns="http://microsoft.com/schemas/VisualStudio/TeamTest/2010">
  <TestSettings name="Default Test Settings" id="1c23c813-36f3-4095-8ff0-44b3c2ade868">
    <Deployment runDeploymentRoot="horozov_HOROZOV 2013-06-26 18_29_21">
      <DeploymentItem filename="C:\Work\TestExamples\AcademyTestProject\Wrappers\bin\Debug\Wrappers.dll" />
    </Deployment>
    <Execution>
      <TestTypeSpecific />
      <AgentRule name="Execution Agents">
      </AgentRule>
    </Execution>
  </TestSettings>
  <Times creation="2013-06-26T18:29:21.8057296+03:00" queuing="2013-06-26T18:29:22.5558046+03:00" start="2013-06-26T18:29:22.5908081+03:00" finish="2013-06-26T18:29:41.1396628+03:00" />
  <ResultSummary outcome="Completed">
    <Counters total="1" executed="1" passed="1" error="0" failed="0" timeout="0" aborted="0" inconclusive="0" passedButRunAborted="0" notRunnable="0" notExecuted="0" disconnected="0" warning="0" completed="0" inProgress="0" pending="0" />
  </ResultSummary>
  <TestDefinitions>
    <UnitTest name="ChartViewFirstTimeLoadTest" storage="c:\work\testexamples\academytestproject\tests\bin\debug\tests.dll" id="5acaf1af-af05-8a82-846a-7a71f76b208b">
      <Description>Check ChartView scenario when chart is loaded for the first time</Description>
      <Execution id="369ac4b5-fac0-42a8-9292-90d1cbc0c592" />
      <TestMethod codeBase="C:\Work\TestExamples\AcademyTestProject\Tests\bin\Debug\Tests.dll" adapterTypeName="Microsoft.VisualStudio.TestTools.TestTypes.Unit.UnitTestAdapter, Microsoft.VisualStudio.QualityTools.Tips.UnitTest.Adapter, Version=10.0.0.0, Culture=neutral, PublicKeyToken=b03f5f7f11d50a3a" className="Tests.Tests, Tests" name="ChartViewFirstTimeLoadTest" />
    </UnitTest>
  </TestDefinitions>
  <TestLists>
    <TestList name="Results Not in a List" id="8c84fa94-04c1-424b-9868-57a2d4851a1d" />
    <TestList name="All Loaded Results" id="19431567-8539-422a-85d7-44ee4e166bda" />
  </TestLists>
  <TestEntries>
    <TestEntry testId="5acaf1af-af05-8a82-846a-7a71f76b208b" executionId="369ac4b5-fac0-42a8-9292-90d1cbc0c592" testListId="8c84fa94-04c1-424b-9868-57a2d4851a1d" />
  </TestEntries>
  <Results>
    <UnitTestResult executionId="369ac4b5-fac0-42a8-9292-90d1cbc0c592" testId="5acaf1af-af05-8a82-846a-7a71f76b208b" testName="ChartViewFirstTimeLoadTest" computerName="HOROZOV" duration="00:00:07.2519898" startTime="2013-06-26T18:29:22.5988089+03:00" endTime="2013-06-26T18:29:30.1395629+03:00" testType="13cdc9d9-ddb5-4fa4-a97d-d965ccfc6d4b" outcome="Passed" testListId="8c84fa94-04c1-424b-9868-57a2d4851a1d" relativeResultsDirectory="369ac4b5-fac0-42a8-9292-90d1cbc0c592">
    </UnitTestResult>
  </Results>
</TestRun>