<?xml version="1.0" encoding="UTF-8"?>
<TestRun id="ad2761ed-cdd4-4361-928d-06bde1a84720" name="horozov@HOROZOV 2013-06-25 13:46:07" runUser="TELERIK\horozov" xmlns="http://microsoft.com/schemas/VisualStudio/TeamTest/2010">
  <TestSettings name="Default Test Settings" id="80646495-3021-489e-8cb5-1fd583fbb508">
    <Deployment runDeploymentRoot="horozov_HOROZOV 2013-06-25 13_46_07">
      <DeploymentItem filename="C:\Work\TestExamples\AcademyTestProject\Wrappers\bin\Debug\Wrappers.dll" />
    </Deployment>
    <Execution>
      <TestTypeSpecific />
      <AgentRule name="Execution Agents">
      </AgentRule>
    </Execution>
  </TestSettings>
  <Times creation="2013-06-25T13:46:07.1373598+03:00" queuing="2013-06-25T13:46:07.2233684+03:00" start="2013-06-25T13:46:07.2273688+03:00" finish="2013-06-25T13:46:24.4890948+03:00" />
  <ResultSummary outcome="Completed">
    <Counters total="1" executed="1" passed="1" error="0" failed="0" timeout="0" aborted="0" inconclusive="0" passedButRunAborted="0" notRunnable="0" notExecuted="0" disconnected="0" warning="0" completed="0" inProgress="0" pending="0" />
  </ResultSummary>
  <TestDefinitions>
    <UnitTest name="ChartViewFirstTimeLoadTest" storage="c:\work\testexamples\academytestproject\tests\bin\debug\tests.dll" id="5acaf1af-af05-8a82-846a-7a71f76b208b">
      <Description>Check ChartView scenario when chart is loaded for the first time</Description>
      <Execution id="7834fa13-3002-45ee-bc5d-9cdb6c7a37ce" />
      <TestMethod codeBase="C:\Work\TestExamples\AcademyTestProject\Tests\bin\Debug\Tests.dll" adapterTypeName="Microsoft.VisualStudio.TestTools.TestTypes.Unit.UnitTestAdapter, Microsoft.VisualStudio.QualityTools.Tips.UnitTest.Adapter, Version=10.0.0.0, Culture=neutral, PublicKeyToken=b03f5f7f11d50a3a" className="Tests.Tests, Tests" name="ChartViewFirstTimeLoadTest" />
    </UnitTest>
  </TestDefinitions>
  <TestLists>
    <TestList name="Results Not in a List" id="8c84fa94-04c1-424b-9868-57a2d4851a1d" />
    <TestList name="All Loaded Results" id="19431567-8539-422a-85d7-44ee4e166bda" />
  </TestLists>
  <TestEntries>
    <TestEntry testId="5acaf1af-af05-8a82-846a-7a71f76b208b" executionId="7834fa13-3002-45ee-bc5d-9cdb6c7a37ce" testListId="8c84fa94-04c1-424b-9868-57a2d4851a1d" />
  </TestEntries>
  <Results>
    <UnitTestResult executionId="7834fa13-3002-45ee-bc5d-9cdb6c7a37ce" testId="5acaf1af-af05-8a82-846a-7a71f76b208b" testName="ChartViewFirstTimeLoadTest" computerName="HOROZOV" duration="00:00:06.1211065" startTime="2013-06-25T13:46:07.2353696+03:00" endTime="2013-06-25T13:46:13.4969957+03:00" testType="13cdc9d9-ddb5-4fa4-a97d-d965ccfc6d4b" outcome="Passed" testListId="8c84fa94-04c1-424b-9868-57a2d4851a1d" relativeResultsDirectory="7834fa13-3002-45ee-bc5d-9cdb6c7a37ce">
    </UnitTestResult>
  </Results>
</TestRun>