<?xml version="1.0" encoding="UTF-8"?>
<TestRun id="acda2138-fbe2-4cc3-9673-ff3d49f0f032" name="horozov@HOROZOV 2013-06-25 13:53:23" runUser="TELERIK\horozov" xmlns="http://microsoft.com/schemas/VisualStudio/TeamTest/2010">
  <TestSettings name="Default Test Settings" id="d0a0c40a-7004-4abd-a226-60e29ca7878b">
    <Deployment runDeploymentRoot="horozov_HOROZOV 2013-06-25 13_53_23">
      <DeploymentItem filename="C:\Work\TestExamples\AcademyTestProject\Wrappers\bin\Debug\Wrappers.dll" />
    </Deployment>
    <Execution>
      <TestTypeSpecific />
      <AgentRule name="Execution Agents">
      </AgentRule>
    </Execution>
  </TestSettings>
  <Times creation="2013-06-25T13:53:23.7070124+03:00" queuing="2013-06-25T13:53:23.7790196+03:00" start="2013-06-25T13:53:23.7830200+03:00" finish="2013-06-25T13:53:41.0407456+03:00" />
  <ResultSummary outcome="Failed">
    <Counters total="1" executed="1" error="0" failed="1" timeout="0" aborted="0" inconclusive="0" passedButRunAborted="0" notRunnable="0" notExecuted="0" disconnected="0" warning="0" passed="0" completed="0" inProgress="0" pending="0" />
  </ResultSummary>
  <TestDefinitions>
    <UnitTest name="ChartViewFirstTimeLoadTest" storage="c:\work\testexamples\academytestproject\tests\bin\debug\tests.dll" id="5acaf1af-af05-8a82-846a-7a71f76b208b">
      <Description>Check ChartView scenario when chart is loaded for the first time</Description>
      <Execution id="2467e6a2-4001-46b1-bf70-d8d090f01f81" />
      <TestMethod codeBase="C:\Work\TestExamples\AcademyTestProject\Tests\bin\Debug\Tests.dll" adapterTypeName="Microsoft.VisualStudio.TestTools.TestTypes.Unit.UnitTestAdapter, Microsoft.VisualStudio.QualityTools.Tips.UnitTest.Adapter, Version=10.0.0.0, Culture=neutral, PublicKeyToken=b03f5f7f11d50a3a" className="Tests.Tests, Tests" name="ChartViewFirstTimeLoadTest" />
    </UnitTest>
  </TestDefinitions>
  <TestLists>
    <TestList name="Results Not in a List" id="8c84fa94-04c1-424b-9868-57a2d4851a1d" />
    <TestList name="All Loaded Results" id="19431567-8539-422a-85d7-44ee4e166bda" />
  </TestLists>
  <TestEntries>
    <TestEntry testId="5acaf1af-af05-8a82-846a-7a71f76b208b" executionId="2467e6a2-4001-46b1-bf70-d8d090f01f81" testListId="8c84fa94-04c1-424b-9868-57a2d4851a1d" />
  </TestEntries>
  <Results>
    <UnitTestResult executionId="2467e6a2-4001-46b1-bf70-d8d090f01f81" testId="5acaf1af-af05-8a82-846a-7a71f76b208b" testName="ChartViewFirstTimeLoadTest" computerName="HOROZOV" duration="00:00:06.0839205" startTime="2013-06-25T13:53:23.8220239+03:00" endTime="2013-06-25T13:53:30.0456462+03:00" testType="13cdc9d9-ddb5-4fa4-a97d-d965ccfc6d4b" outcome="Failed" testListId="8c84fa94-04c1-424b-9868-57a2d4851a1d" relativeResultsDirectory="2467e6a2-4001-46b1-bf70-d8d090f01f81">
      <Output>
        <ErrorInfo>
          <Message>Assert.AreEqual failed. Expected:&lt;Chart has been sent for printing...&gt;. Actual:&lt;&gt;. </Message>
          <StackTrace>   at Tests.Tests.ChartViewFirstTimeLoadTest() in C:\Work\TestExamples\AcademyTestProject\Tests\Tests.cs:line 130
</StackTrace>
        </ErrorInfo>
      </Output>
    </UnitTestResult>
  </Results>
</TestRun>