<?xml version="1.0" encoding="UTF-8"?>
<TestRun id="219d494c-96ec-4818-b78c-850fc3af211c" name="horozov@HOROZOV 2013-06-25 14:16:23" runUser="TELERIK\horozov" xmlns="http://microsoft.com/schemas/VisualStudio/TeamTest/2010">
  <TestSettings name="Default Test Settings" id="aa359da8-88d4-4256-8615-c9aa48055e5f">
    <Deployment runDeploymentRoot="horozov_HOROZOV 2013-06-25 14_16_23">
      <DeploymentItem filename="C:\Work\TestExamples\AcademyTestProject\Wrappers\bin\Debug\Wrappers.dll" />
    </Deployment>
    <Execution>
      <TestTypeSpecific />
      <AgentRule name="Execution Agents">
      </AgentRule>
    </Execution>
  </TestSettings>
  <Times creation="2013-06-25T14:16:23.6949974+03:00" queuing="2013-06-25T14:16:23.7820061+03:00" start="2013-06-25T14:16:23.7860065+03:00" finish="2013-06-25T14:16:41.9888266+03:00" />
  <ResultSummary outcome="Completed">
    <Counters total="1" executed="1" passed="1" error="0" failed="0" timeout="0" aborted="0" inconclusive="0" passedButRunAborted="0" notRunnable="0" notExecuted="0" disconnected="0" warning="0" completed="0" inProgress="0" pending="0" />
  </ResultSummary>
  <TestDefinitions>
    <UnitTest name="ChartViewZoomInAndPrintTest" storage="c:\work\testexamples\academytestproject\tests\bin\debug\tests.dll" id="76a8d05e-f8d0-0ae8-291f-a1e3bac4b132">
      <Description>Check ChartView scenario when applying zoom and printing</Description>
      <Execution id="af356d4c-3b2f-4701-9d72-678b3984bc49" />
      <TestMethod codeBase="C:\Work\TestExamples\AcademyTestProject\Tests\bin\Debug\Tests.dll" adapterTypeName="Microsoft.VisualStudio.TestTools.TestTypes.Unit.UnitTestAdapter, Microsoft.VisualStudio.QualityTools.Tips.UnitTest.Adapter, Version=10.0.0.0, Culture=neutral, PublicKeyToken=b03f5f7f11d50a3a" className="Tests.Tests, Tests" name="ChartViewZoomInAndPrintTest" />
    </UnitTest>
  </TestDefinitions>
  <TestLists>
    <TestList name="Results Not in a List" id="8c84fa94-04c1-424b-9868-57a2d4851a1d" />
    <TestList name="All Loaded Results" id="19431567-8539-422a-85d7-44ee4e166bda" />
  </TestLists>
  <TestEntries>
    <TestEntry testId="76a8d05e-f8d0-0ae8-291f-a1e3bac4b132" executionId="af356d4c-3b2f-4701-9d72-678b3984bc49" testListId="8c84fa94-04c1-424b-9868-57a2d4851a1d" />
  </TestEntries>
  <Results>
    <UnitTestResult executionId="af356d4c-3b2f-4701-9d72-678b3984bc49" testId="76a8d05e-f8d0-0ae8-291f-a1e3bac4b132" testName="ChartViewZoomInAndPrintTest" computerName="HOROZOV" duration="00:00:07.0439586" startTime="2013-06-25T14:16:23.8060085+03:00" endTime="2013-06-25T14:16:31.0107289+03:00" testType="13cdc9d9-ddb5-4fa4-a97d-d965ccfc6d4b" outcome="Passed" testListId="8c84fa94-04c1-424b-9868-57a2d4851a1d" relativeResultsDirectory="af356d4c-3b2f-4701-9d72-678b3984bc49">
    </UnitTestResult>
  </Results>
</TestRun>