<?xml version="1.0" encoding="UTF-8"?>
<TestRun id="5b051cfc-9e1f-4a18-a81a-8f2f4725d1ef" name="horozov@HOROZOV 2013-06-25 13:46:57" runUser="TELERIK\horozov" xmlns="http://microsoft.com/schemas/VisualStudio/TeamTest/2010">
  <TestSettings name="Default Test Settings" id="0aced24c-1a09-42f6-a106-7ed815312758">
    <Deployment runDeploymentRoot="horozov_HOROZOV 2013-06-25 13_46_57">
      <DeploymentItem filename="C:\Work\TestExamples\AcademyTestProject\Wrappers\bin\Debug\Wrappers.dll" />
    </Deployment>
    <Execution>
      <TestTypeSpecific />
      <AgentRule name="Execution Agents">
      </AgentRule>
    </Execution>
  </TestSettings>
  <Times creation="2013-06-25T13:46:57.4113867+03:00" queuing="2013-06-25T13:46:57.5053961+03:00" start="2013-06-25T13:46:57.5113967+03:00" finish="2013-06-25T13:47:14.8571311+03:00" />
  <ResultSummary outcome="Failed">
    <Counters total="1" executed="1" error="0" failed="1" timeout="0" aborted="0" inconclusive="0" passedButRunAborted="0" notRunnable="0" notExecuted="0" disconnected="0" warning="0" passed="0" completed="0" inProgress="0" pending="0" />
  </ResultSummary>
  <TestDefinitions>
    <UnitTest name="ChartViewFirstTimeLoadTest" storage="c:\work\testexamples\academytestproject\tests\bin\debug\tests.dll" id="5acaf1af-af05-8a82-846a-7a71f76b208b">
      <Description>Check ChartView scenario when chart is loaded for the first time</Description>
      <Execution id="f2a08db5-9f1c-4d94-baba-2438eac24dd2" />
      <TestMethod codeBase="C:\Work\TestExamples\AcademyTestProject\Tests\bin\Debug\Tests.dll" adapterTypeName="Microsoft.VisualStudio.TestTools.TestTypes.Unit.UnitTestAdapter, Microsoft.VisualStudio.QualityTools.Tips.UnitTest.Adapter, Version=10.0.0.0, Culture=neutral, PublicKeyToken=b03f5f7f11d50a3a" className="Tests.Tests, Tests" name="ChartViewFirstTimeLoadTest" />
    </UnitTest>
  </TestDefinitions>
  <TestLists>
    <TestList name="Results Not in a List" id="8c84fa94-04c1-424b-9868-57a2d4851a1d" />
    <TestList name="All Loaded Results" id="19431567-8539-422a-85d7-44ee4e166bda" />
  </TestLists>
  <TestEntries>
    <TestEntry testId="5acaf1af-af05-8a82-846a-7a71f76b208b" executionId="f2a08db5-9f1c-4d94-baba-2438eac24dd2" testListId="8c84fa94-04c1-424b-9868-57a2d4851a1d" />
  </TestEntries>
  <Results>
    <UnitTestResult executionId="f2a08db5-9f1c-4d94-baba-2438eac24dd2" testId="5acaf1af-af05-8a82-846a-7a71f76b208b" testName="ChartViewFirstTimeLoadTest" computerName="HOROZOV" duration="00:00:06.2085295" startTime="2013-06-25T13:46:57.5163972+03:00" endTime="2013-06-25T13:47:03.8640319+03:00" testType="13cdc9d9-ddb5-4fa4-a97d-d965ccfc6d4b" outcome="Failed" testListId="8c84fa94-04c1-424b-9868-57a2d4851a1d" relativeResultsDirectory="f2a08db5-9f1c-4d94-baba-2438eac24dd2">
      <Output>
        <ErrorInfo>
          <Message>Test method Tests.Tests.ChartViewFirstTimeLoadTest threw exception: 
ArtOfTest.Common.Exceptions.FindElementException: Unable to find the specified element: Unable to find the element of type: </Message>
          <StackTrace>    at ArtOfTest.WebAii.Silverlight.SilverlightProxy.ExecuteSLCommand(SilverlightCommand cmd)
   at ArtOfTest.WebAii.Silverlight.SilverlightProxy.GetVisibility(IAutomationPeer peer)
   at ArtOfTest.WebAii.Silverlight.FrameworkElement.get_Visibility()
   at Tests.Tests.ChartViewFirstTimeLoadTest() in C:\Work\TestExamples\AcademyTestProject\Tests\Tests.cs:line 131
</StackTrace>
        </ErrorInfo>
      </Output>
    </UnitTestResult>
  </Results>
</TestRun>