<?xml version="1.0" encoding="UTF-8"?>
<TestRun id="ba651586-db77-4f37-82cf-b1f9e3239535" name="horozov@HOROZOV 2013-06-26 09:55:55" runUser="TELERIK\horozov" xmlns="http://microsoft.com/schemas/VisualStudio/TeamTest/2010">
  <TestSettings name="Default Test Settings" id="b5601d77-99b5-4e35-9c59-781c44d5f156">
    <Deployment runDeploymentRoot="horozov_HOROZOV 2013-06-26 09_55_55">
      <DeploymentItem filename="C:\Work\TestExamples\AcademyTestProject\Wrappers\bin\Debug\Wrappers.dll" />
    </Deployment>
    <Execution>
      <TestTypeSpecific />
      <AgentRule name="Execution Agents">
      </AgentRule>
    </Execution>
  </TestSettings>
  <Times creation="2013-06-26T09:55:55.5412361+03:00" queuing="2013-06-26T09:55:56.9952361+03:00" start="2013-06-26T09:55:57.0472361+03:00" finish="2013-06-26T09:56:17.0842361+03:00" />
  <ResultSummary outcome="Completed">
    <Counters total="1" executed="1" passed="1" error="0" failed="0" timeout="0" aborted="0" inconclusive="0" passedButRunAborted="0" notRunnable="0" notExecuted="0" disconnected="0" warning="0" completed="0" inProgress="0" pending="0" />
  </ResultSummary>
  <TestDefinitions>
    <UnitTest name="ChartViewZoomInAndPrintTest" storage="c:\work\testexamples\academytestproject\tests\bin\debug\tests.dll" id="76a8d05e-f8d0-0ae8-291f-a1e3bac4b132">
      <Description>Check ChartView scenario when applying zoom and printing</Description>
      <Execution id="d0f9cb3e-9861-48f5-8227-3f00d4fa3e07" />
      <TestMethod codeBase="C:\Work\TestExamples\AcademyTestProject\Tests\bin\Debug\Tests.dll" adapterTypeName="Microsoft.VisualStudio.TestTools.TestTypes.Unit.UnitTestAdapter, Microsoft.VisualStudio.QualityTools.Tips.UnitTest.Adapter, Version=10.0.0.0, Culture=neutral, PublicKeyToken=b03f5f7f11d50a3a" className="Tests.Tests, Tests" name="ChartViewZoomInAndPrintTest" />
    </UnitTest>
  </TestDefinitions>
  <TestLists>
    <TestList name="Results Not in a List" id="8c84fa94-04c1-424b-9868-57a2d4851a1d" />
    <TestList name="All Loaded Results" id="19431567-8539-422a-85d7-44ee4e166bda" />
  </TestLists>
  <TestEntries>
    <TestEntry testId="76a8d05e-f8d0-0ae8-291f-a1e3bac4b132" executionId="d0f9cb3e-9861-48f5-8227-3f00d4fa3e07" testListId="8c84fa94-04c1-424b-9868-57a2d4851a1d" />
  </TestEntries>
  <Results>
    <UnitTestResult executionId="d0f9cb3e-9861-48f5-8227-3f00d4fa3e07" testId="76a8d05e-f8d0-0ae8-291f-a1e3bac4b132" testName="ChartViewZoomInAndPrintTest" computerName="HOROZOV" duration="00:00:08.7485835" startTime="2013-06-26T09:55:57.0612361+03:00" endTime="2013-06-26T09:56:06.2582361+03:00" testType="13cdc9d9-ddb5-4fa4-a97d-d965ccfc6d4b" outcome="Passed" testListId="8c84fa94-04c1-424b-9868-57a2d4851a1d" relativeResultsDirectory="d0f9cb3e-9861-48f5-8227-3f00d4fa3e07">
    </UnitTestResult>
  </Results>
</TestRun>